<?xml version="1.0" encoding="UTF-8"?>
<!-- Generated by org.testng.reporters.JUnitReportReporter -->
<testsuite skipped="1" hostname="DESKTOP-RUAD0RO" name="com.orangeHrm.testCases.LoginTest" tests="2" failures="0" timestamp="13 Sep 2020 17:13:26 GMT" time="18.009" errors="0">
  <testcase name="loginWithValidCredentails" time="18.009" classname="com.orangeHrm.testCases.LoginTest"/>
  <testcase name="invalidPasswordLogin" classname="com.orangeHrm.testCases.LoginTest">
    <skipped/>
  </testcase> <!-- invalidPasswordLogin -->
</testsuite> <!-- com.orangeHrm.testCases.LoginTest -->
