<?xml version="1.0" encoding="UTF-8"?>
<!-- Generated by org.testng.reporters.JUnitReportReporter -->
<testsuite skipped="0" hostname="DESKTOP-RUAD0RO" name="com.orangeHrm.testCases.LoginTest" tests="1" failures="0" timestamp="20 Sep 2020 13:35:38 GMT" time="24.510" errors="0">
  <testcase name="loginWithValidCredentails" time="24.510" classname="com.orangeHrm.testCases.LoginTest"/>
</testsuite> <!-- com.orangeHrm.testCases.LoginTest -->
