<?xml version="1.0" encoding="UTF-8"?>
<!-- Generated by org.testng.reporters.JUnitReportReporter -->
<testsuite skipped="1" hostname="DESKTOP-RUAD0RO" name="com.orangeHrm.testCases.LoginTest" tests="6" failures="0" timestamp="13 Sep 2020 14:12:26 GMT" time="81.877" errors="0">
  <testcase name="loginWithValidCredentails" time="17.743" classname="com.orangeHrm.testCases.LoginTest"/>
  <testcase name="invalidTestData" time="16.385" classname="com.orangeHrm.testCases.LoginTest"/>
  <testcase name="invalidTestData" time="14.189" classname="com.orangeHrm.testCases.LoginTest"/>
  <testcase name="invalidTestData" time="19.475" classname="com.orangeHrm.testCases.LoginTest"/>
  <testcase name="invalidTestData" time="14.085" classname="com.orangeHrm.testCases.LoginTest"/>
  <testcase name="invalidPasswordLogin" classname="com.orangeHrm.testCases.LoginTest">
    <skipped/>
  </testcase> <!-- invalidPasswordLogin -->
</testsuite> <!-- com.orangeHrm.testCases.LoginTest -->
